<?xml version="1.0" encoding="UTF-8"?>
<!-- Generated by org.testng.reporters.JUnitReportReporter -->
<testsuite hostname="DESKTOP-17LNK85" failures="0" tests="2" name="qalaraOrderDetails.getOrderDetails" time="9.625" errors="0" timestamp="2021-03-09T10:53:51 IST" skipped="1">
  <testcase classname="qalaraOrderDetails.getOrderDetails" name="getOrder" time="9.625"/>
  <system-out/>
  <testcase classname="qalaraOrderDetails.getOrderDetails" name="changeOrder">
    <skipped/>
  </testcase> <!-- changeOrder -->
  <system-out/>
</testsuite> <!-- qalaraOrderDetails.getOrderDetails -->
