<?xml version="1.0" encoding="UTF-8"?>
<!-- Generated by org.testng.reporters.JUnitReportReporter -->
<testsuite hostname="DESKTOP-17LNK85" failures="0" tests="2" name="assureSignTest.TestAPI" time="4.801" errors="0" timestamp="2021-03-10T11:12:55 IST" skipped="0">
  <testcase classname="assureSignTest.TestAPI" name="getTokenBearer" time="4.794"/>
  <system-out/>
  <testcase classname="assureSignTest.TestAPI" name="submitSign" time="0.007"/>
  <system-out/>
</testsuite> <!-- assureSignTest.TestAPI -->
