<?xml version="1.0" encoding="UTF-8"?>
<!-- Generated by org.testng.reporters.JUnitReportReporter -->
<testsuite hostname="DESKTOP-17LNK85" failures="0" tests="2" name="assureSignTest.TestAPI" time="4.938" errors="0" timestamp="2021-03-10T16:14:38 IST" skipped="0">
  <testcase classname="assureSignTest.TestAPI" name="submitSign" time="0.009"/>
  <system-out/>
  <testcase classname="assureSignTest.TestAPI" name="getTokenBearer" time="4.929"/>
  <system-out/>
</testsuite> <!-- assureSignTest.TestAPI -->
