<?xml version="1.0" encoding="UTF-8"?>
<!-- Generated by org.testng.reporters.JUnitReportReporter -->
<testsuite hostname="tussar-PC" failures="0" tests="2" name="qalaraOrderDetails.getOrderDetails" time="8.264" errors="0" timestamp="2021-03-08T12:01:30 IST" skipped="1">
  <testcase classname="qalaraOrderDetails.getOrderDetails" name="getOrder" time="8.264"/>
  <system-out/>
  <testcase classname="qalaraOrderDetails.getOrderDetails" name="changeOrder">
    <skipped/>
  </testcase> <!-- changeOrder -->
  <system-out/>
</testsuite> <!-- qalaraOrderDetails.getOrderDetails -->
